[debug] [2020-07-23T06:48:31.681Z] ----------------------------------------------------------------------
[debug] [2020-07-23T06:48:31.683Z] Command:       /usr/bin/node /home/juliuscaesarson/.npm-global/bin/firebase login
[debug] [2020-07-23T06:48:31.684Z] CLI Version:   8.6.0
[debug] [2020-07-23T06:48:31.684Z] Platform:      linux
[debug] [2020-07-23T06:48:31.684Z] Node Version:  v12.18.3
[debug] [2020-07-23T06:48:31.685Z] Time:          Thu Jul 23 2020 01:48:31 GMT-0500 (Central Daylight Time)
[debug] [2020-07-23T06:48:31.685Z] ----------------------------------------------------------------------
[debug] [2020-07-23T06:48:31.685Z] 
[info] i  Firebase optionally collects CLI usage and error reporting information to help improve our products. Data is collected in accordance with Google's privacy policy (https://policies.google.com/privacy) and is not used to identify you.
 
[debug] [2020-07-23T06:49:55.853Z] ----------------------------------------------------------------------
[debug] [2020-07-23T06:49:55.856Z] Command:       /usr/bin/node /home/juliuscaesarson/.npm-global/bin/firebase login
[debug] [2020-07-23T06:49:55.857Z] CLI Version:   8.6.0
[debug] [2020-07-23T06:49:55.857Z] Platform:      linux
[debug] [2020-07-23T06:49:55.857Z] Node Version:  v12.18.3
[debug] [2020-07-23T06:49:55.857Z] Time:          Thu Jul 23 2020 01:49:55 GMT-0500 (Central Daylight Time)
[debug] [2020-07-23T06:49:55.858Z] ----------------------------------------------------------------------
[debug] [2020-07-23T06:49:55.858Z] 
[info] i  Firebase optionally collects CLI usage and error reporting information to help improve our products. Data is collected in accordance with Google's privacy policy (https://policies.google.com/privacy) and is not used to identify you.
 
[info] i  To change your data collection preference at any time, run `firebase logout` and log in again. 
[info] 
[info] Visit this URL on this device to log in:
[info] https://accounts.google.com/o/oauth2/auth?client_id=563584335869-fgrhgmd47bqnekij5i8b5pr03ho849e6.apps.googleusercontent.com&scope=email%20openid%20https%3A%2F%2Fwww.googleapis.com%2Fauth%2Fcloudplatformprojects.readonly%20https%3A%2F%2Fwww.googleapis.com%2Fauth%2Ffirebase%20https%3A%2F%2Fwww.googleapis.com%2Fauth%2Fcloud-platform&response_type=code&state=186481625&redirect_uri=http%3A%2F%2Flocalhost%3A9005
[info] 
[info] Waiting for authentication...
